Using gromos method for clustering
Using RMSD cutoff 0.4 nm
The RMSD ranges from 0.0557759 to 1.97826 nm
Average RMSD is 0.93165
Number of structures for matrix 2955
Energy of the matrix is 972.573.

Found 381 clusters

Writing middle structure for each cluster to clusters.pdb
Writing all structures for the first 10 clusters with more than 1 structures to clusters.pdb%03d.pdb

cl. | #st  rmsd | middle rmsd | cluster members
  1 | 283  0.369 | 389540 .304 | 378150 378170 378190 378340 379110 379150 379690
    |           |             | 379970 381150 381170 381250 381370 381400 381500
    |           |             | 381540 381590 381650 383110 384570 384710 384780
    |           |             | 384830 384870 385000 385030 385050 385110 385180
    |           |             | 385270 385310 385330 385410 385430 385450 385490
    |           |             | 385510 385950 386240 386310 386330 386350 386390
    |           |             | 386410 386430 386450 386470 386610 386660 387170
    |           |             | 387200 387220 387260 387280 388270 388360 388380
    |           |             | 388400 388430 388460 389540 389570 389600 389620
    |           |             | 390400 390440 390470 390530 390550 390570 390630
    |           |             | 391070 391100 391220 391400 391520 391560 391580
    |           |             | 391600 392030 392060 393370 393730 393780 394720
    |           |             | 394770 394790 394810 394870 394890 394920 394940
    |           |             | 394960 394980 395170 396170 396290 396340 396360
    |           |             | 396420 396460 396520 396640 396660 396880 397530
    |           |             | 397590 397610 397650 397730 397750 398650 398670
    |           |             | 398690 398710 412020 412040 412070 412350 412430
    |           |             | 412450 412500 412520 412540 412650 412700 414170
    |           |             | 414730 416170 416250 416410 416610 416710 419060
    |           |             | 419290 420110 427670 428520 428850 428920 430310
    |           |             | 430330 430350 432180 432230 432450 432790 433200
    |           |             | 435460 435530 435560 435580 435670 435700 435760
    |           |             | 435840 435900 435920 435940 435960 436030 436110
    |           |             | 436180 436320 436470 437680 437800 437890 437920
    |           |             | 437960 437990 438310 438350 438410 438430 438660
    |           |             | 451820 452020 455680 462540 465680 465870 466160
    |           |             | 466690 475010 475050 475130 475630 475690 475710
    |           |             | 476030 476080 476310 476330 476350 476370 477290
    |           |             | 477470 477510 477580 477610 477640 478010 478230
    |           |             | 478250 478270 478350 478400 478420 478490 478520
    |           |             | 478670 478690 478710 478790 478820 478850 478880
    |           |             | 478970 479240 479290 479310 479340 479390 479420
    |           |             | 479440 479580 479640 479800 479820 479900 479940
    |           |             | 480620 480640 480690 480720 480780 480810 481140
    |           |             | 481180 481200 481220 481420 481440 481460 481620
    |           |             | 481680 481720 481760 481780 481860 481990 482200
    |           |             | 482430 482640 482910 482940 482960 483060 483080
    |           |             | 483110 483940 484030 484100 484170 484210 484240
    |           |             | 484260 484470 485140 487080 487100 487130 487180
    |           |             | 488500 492180 492250 492290 492410 492510 494960
    |           |             | 498820 498850 499060
  2 |  83  0.305 | 386990 .239 | 376750 376770 382560 382580 382600 382670 382740
    |           |             | 382820 382880 382910 382930 382950 383310 383340
    |           |             | 383420 385290 386990 387010 387050 387090 387110
    |           |             | 387130 388250 388530 392110 392150 392170 392920
    |           |             | 392950 394840 395070 395370 395410 395430 395460
    |           |             | 395520 395610 398790 398830 398860 398880 398990
    |           |             | 399040 399850 399870 400440 400500 400540 400570
    |           |             | 400620 400640 400730 400780 401670 401700 401720
    |           |             | 401740 401780 401800 402860 402880 402900 402930
    |           |             | 403100 403820 403860 403920 403940 403960 404050
    |           |             | 404120 404150 404180 404330 404360 404390 404470
    |           |             | 404630 404650 404670 404700 407370 407430
  3 |  61  0.303 | 333890 .236 | 323100 323200 323420 323440 323460 323560 325710
    |           |             | 325850 326300 326320 326350 326370 326460 326490
    |           |             | 326570 326730 326770 326790 326830 326890 327100
    |           |             | 327150 328260 328360 328410 328490 328570 332070
    |           |             | 332690 332710 333020 333370 333890 333950 334010
    |           |             | 335460 335480 335540 335610 335630 335650 335750
    |           |             | 335770 335790 335930 336030 336320 337080 337110
    |           |             | 337130 337150 337170 337350 337620 337640 346450
    |           |             | 355830 356190 364690 364840 366410
  4 |  56  0.397 | 194610 .316 | 193530 193550 194430 194540 194580 194610 195020
    |           |             | 195090 195130 195290 195540 195570 195890 195920
    |           |             | 195970 196000 196030 196050 196540 196570 196610
    |           |             | 196700 196770 196820 196890 196910 196980 227280
    |           |             | 227440 227480 227500 227540 227620 227680 227700
    |           |             | 227960 227990 228040 228100 228140 228280 228430
    |           |             | 228460 228510 228610 228660 230010 230080 230120
    |           |             | 230220 230310 230330 230370 230560 230740 307220
  5 |  55  0.340 | 213710 .274 | 206940 206980 207550 207590 207840 207880 207950
    |           |             | 207970 207990 208030 211180 211240 211260 211320
    |           |             | 211670 212860 212880 213560 213580 213600 213620
    |           |             | 213690 213710 213830 216170 216270 216310 216330
    |           |             | 217480 217530 217920 219080 219160 219510 220030
    |           |             | 220080 220100 220120 220170 220190 220360 220410
    |           |             | 220550 220750 258390 258410 258430 259290 259330
    |           |             | 259590 259660 259750 260080 260930 261000
  6 |  54  0.372 | 377970 .302 | 365530 365670 365690 365720 367090 367110 367140
    |           |             | 367160 367730 368450 368470 368490 376170 376240
    |           |             | 376260 376490 376550 376690 376790 376850 376950
    |           |             | 377810 377860 377920 377970 378000 378300 378320
    |           |             | 379350 379550 380000 380020 380080 380100 380160
    |           |             | 380250 380330 380620 382500 382520 383650 383690
    |           |             | 384110 384270 384310 386720 386740 387030 387070
    |           |             | 387150 387300 387340 387470 387780
  7 |  52  0.322 | 413450 .247 | 407910 408040 408060 409410 409490 409530 410410
    |           |             | 410430 411370 411460 411480 411530 411560 411580
    |           |             | 411650 411770 411840 411880 411920 412770 413390
    |           |             | 413410 413430 413450 413590 414010 414140 414190
    |           |             | 414210 414260 414280 414300 414320 414340 414380
    |           |             | 414420 414440 414510 414530 414570 414690 414750
    |           |             | 414790 414830 415330 415640 418380 419350 419370
    |           |             | 419410 419720 419750
  8 |  46  0.411 | 273310 .334 | 256020 256040 256370 256970 257080 257210 257290
    |           |             | 257310 257600 257920 257970 258030 258140 258160
    |           |             | 258240 258280 267250 268120 268500 269920 269940
    |           |             | 270010 270620 270720 270740 270780 271780 272830
    |           |             | 273240 273310 273340 273390 273440 273570 274330
    |           |             | 274600 274700 274720 274740 285960 286440 286490
    |           |             | 286940 289630 289650 289810
  9 |  42  0.355 | 352340 .279 | 348690 348880 348920 348940 349610 349630 349740
    |           |             | 349760 349790 349810 349830 350090 350110 350720
    |           |             | 350830 350850 350930 351000 351100 351120 351160
    |           |             | 351500 351520 351900 352000 352180 352220 352240
    |           |             | 352260 352340 352370 352450 352500 352520 352560
    |           |             | 352650 353420 353470 435360 435380 474990 482670
 10 |  38  0.343 | 386510 .278 | 370000 372520 373640 373680 373710 374570 375030
    |           |             | 375560 377100 377150 378760 378820 380120 380490
    |           |             | 380820 382240 382290 386510 386560 386580 391800
    |           |             | 393700 393810 396310 396400 399130 399550 401820
    |           |             | 401840 402980 403070 403570 403610 403720 403800
    |           |             | 404310 405650 409590
 11 |  35  0.361 | 481500 .304 | 462620 462640 462730 463340 463460 463600 463620
    |           |             | 463860 463910 471360 471400 472270 472290 472360
    |           |             | 472470 472490 472700 477660 479560 479980 480020
    |           |             | 480040 480170 480190 481160 481390 481500 483040
    |           |             | 483820 483840 483990 484490 485420 485610 485640
 12 |  34  0.379 | 338780 .332 | 249850 249900 250000 250460 250510 250600 250660
    |           |             | 250690 252070 252090 252110 252130 252150 278380
    |           |             | 278400 278460 278480 278670 338260 338390 338430
    |           |             | 338450 338590 338750 338780 338920 338940 339220
    |           |             | 339280 339310 339330 339360 339380 339400
 13 |  32  0.336 | 481090 .271 | 412090 416310 419470 423500 423640 423660 466810
    |           |             | 468310 468360 468900 468930 473900 475650 476240
    |           |             | 476290 479460 481090 481260 481280 484150 484190
    |           |             | 485100 485170 485190 485350 485370 486900 487430
    |           |             | 487900 488430 488620 498870
 14 |  32  0.368 | 168860 .291 | 143990 168580 168640 168660 168810 168830 168860
    |           |             | 168880 168900 168920 169190 169220 170430 170560
    |           |             | 170850 170870 170990 171150 171170 171310 171330
    |           |             | 171350 171440 171640 171770 171850 171910 171960
    |           |             | 171990 172110 172210 172340
 15 |  31  0.398 | 400280 .314 | 199420 328980 357610 357760 357800 357850 399770
    |           |             | 400210 400240 400280 400400 400460 400700 400800
    |           |             | 401360 401390 401430 401880 402130 402670 403140
    |           |             | 403160 403200 403220 407310 407330 407350 407390
    |           |             | 407410 467810 467830
 16 |  30  0.362 | 360100 .297 | 357970 357990 358490 358520 358560 358600 358620
    |           |             | 358670 359020 359050 359070 359100 359120 359140
    |           |             | 359200 359240 359350 359800 359830 359850 359920
    |           |             | 360020 360040 360100 364150 364170 364220 364240
    |           |             | 364260 364310
 17 |  28  0.264 | 314340 .202 | 307830 307890 310880 311050 311260 311300 311340
    |           |             | 311530 312540 312600 312630 312940 313980 314010
    |           |             | 314060 314320 314340 314360 314380 314830 314850
    |           |             | 315160 315280 315890 315910 321440 321590 321690
 18 |  27  0.351 | 332340 .303 | 244960 244990 245010 245030 245110 245130 245220
    |           |             | 245240 245300 245320 331240 331920 331960 331980
    |           |             | 332170 332210 332230 332250 332290 332340 332380
    |           |             | 332410 332440 332460 332480 404830 404880
 19 |  27  0.331 | 420820 .272 | 418440 419770 419790 420290 420310 420430 420470
    |           |             | 420490 420550 420600 420630 420660 420700 420760
    |           |             | 420790 420820 420840 497980 498000 498020 498170
    |           |             | 498200 498480 498900 498930 498950 499220
 20 |  26  0.355 | 367830 .278 | 273500 273530 362550 362710 362740 365950 365980
    |           |             | 367060 367310 367430 367450 367470 367500 367610
    |           |             | 367810 367830 367870 367890 367920 367960 368090
    |           |             | 368110 368530 368600 369500 369520
 21 |  25  0.369 | 264830 .300 | 197820 197880 197910 197970 198070 198110 198140
    |           |             | 263330 263810 264130 264190 264340 264370 264400
    |           |             | 264750 264780 264800 264830 264850 266930 266970
    |           |             | 267000 267030 369680 369700
 22 |  24  0.345 | 182140 .272 | 180060 181560 181580 181640 181670 181970 181990
    |           |             | 182040 182100 182140 182160 182180 182210 182270
    |           |             | 182290 182310 182650 182730 182910 183120 183150
    |           |             | 183410 183460 183500
 23 |  24  0.348 | 168150 .290 | 166950 167350 167370 167440 167510 167830 167930
    |           |             | 168030 168050 168110 168150 176640 176670 178800
    |           |             | 178830 179480 179540 179560 179680 179730 181700
    |           |             | 181720 181740 181760
 24 |  23  0.411 | 199600 .358 | 185860 185880 185980 186010 186320 186880 186940
    |           |             | 186960 187400 199460 199570 199600 199820 199850
    |           |             | 199880 201570 202980 203000 268210 489380 489440
    |           |             | 489530 490400
 25 |  23  0.389 | 150230 .308 | 146970 148210 148260 148360 148380 148420 148440
    |           |             | 148520 148600 150000 150230 150270 150360 150510
    |           |             | 150590 150610 152540 152570 347630 348620 494130
    |           |             | 494720 495560
 26 |  22  0.413 | 447950 .332 | 260750 260770 260830 260850 299800 411300 441160
    |           |             | 441260 441790 441810 443010 447530 447740 447890
    |           |             | 447930 447950 447990 448050 448250 448300 448330
    |           |             | 449110
 27 |  21  0.411 | 492530 .348 | 355120 355190 356310 356330 356450 356480 356510
    |           |             | 356530 356580 356820 356840 356860 356970 492440
    |           |             | 492460 492480 492530 492970 493540 493560 493600
 28 |  21  0.398 | 434860 .322 | 235440 235480 236040 339940 434420 434660 434710
    |           |             | 434740 434860 434880 436140 436160 438010 438030
    |           |             | 438560 438700 438720 438740 438760 438960 465370
 29 |  21  0.412 | 154070 .335 | 146520 146550 146630 146650 153640 153660 153730
    |           |             | 153760 153860 154000 154050 154070 154090 154150
    |           |             | 154250 406620 406670 406810 406860 406890 407230
 30 |  20  0.364 | 314140 .293 | 311190 311220 311240 314090 314140 314160 314280
    |           |             | 314300 316350 316670 321420 321460 321480 322030
    |           |             | 322070 322350 322390 322460 324430 325290
 31 |  19  0.381 | 330140 .337 | 190690 190720 191990 192040 192310 192370 192410
    |           |             | 192630 330140 330160 330300 330330 330790 330830
    |           |             | 330940 330960 369300 369320 369350
 32 |  19  0.353 | 283290 .308 | 271090 271110 271190 271210 271250 276920 276960
    |           |             | 277010 277090 282040 282730 282760 282810 282830
    |           |             | 282850 283190 283290 283330 283490
 33 |  18  0.331 | 363440 .277 | 360670 360750 360770 361420 361440 361880 362070
    |           |             | 363290 363320 363340 363420 363440 363460 363550
    |           |             | 363570 363630 363660 364630
 34 |  18  0.382 | 417380 .331 | 289430 290050 290100 290130 417310 417360 417380
    |           |             | 417400 417420 417440 417470 417500 417640 417680
    |           |             | 417730 417830 417870 496050
 35 |  18  0.360 | 473170 .306 | 468790 469070 469700 470260 472880 472990 473060
    |           |             | 473150 473170 473230 473450 473790 473920 474020
    |           |             | 474080 474110 474340 474400
 36 |  18  0.331 | 357330 .256 | 348740 348770 349930 357040 357140 357170 357210
    |           |             | 357330 357350 358420 359630 361000 361460 361540
    |           |             | 361710 363070 363110 363220
 37 |  18  0.383 |  32470 .297 |  25390  25420  29170  29200  29960  32470  32550
    |           |             |  32570  32660  32940  33140  33230  33260  33960
    |           |             |  38040  39480  39640  39790
 38 |  18  0.385 | 490790 .316 | 177550 177580 342490 342560 343220 347840 357260
    |           |             | 357290 490350 490470 490500 490520 490740 490760
    |           |             | 490790 490830 490850 495980
 39 |  18  0.289 | 165970 .223 | 165870 165910 165940 165970 165990 166070 166100
    |           |             | 166160 166190 166210 166320 166680 166750 166770
    |           |             | 183720 183740 183880 184010
 40 |  17  0.370 | 412170 .312 | 351670 351770 351790 351810 411510 411600 411680
    |           |             | 411700 411730 411820 411860 412110 412150 412170
    |           |             | 412240 412280 438250
 41 |  17  0.375 | 199250 .298 | 195640 199130 199150 199220 199250 199500 199530
    |           |             | 199910 199930 199950 229370 229440 229640 229660
    |           |             | 229980 266600 266620
 42 |  17  0.383 | 251510 .325 | 251060 251180 251200 251230 251350 251370 251510
    |           |             | 251530 252010 252170 252210 252240 486290 486320
    |           |             | 486360 486390 486430
 43 |  16  0.445 | 253760 .353 | 183810 252290 252310 252420 253160 253210 253620
    |           |             | 253640 253670 253760 253900 253920 254050 262380
    |           |             | 262400 290350
 44 |  16  0.409 | 398950 .354 | 244490 398410 398730 398950 399210 399570 399590
    |           |             | 399610 399730 399750 399990 400010 400050 400070
    |           |             | 400150 405580
 45 |  16  0.294 | 445420 .236 | 444210 444340 444470 444490 444510 444540 444560
    |           |             | 444580 444960 445170 445320 445380 445400 445420
    |           |             | 445460 445570
 46 |  15  0.417 | 404220 .351 | 249770 251900 251960 251980 252030 327790 327810
    |           |             | 328460 328530 330010 403990 404010 404200 404220
    |           |             | 404950
 47 |  15  0.397 | 284160 .329 | 270600 271700 271730 271970 272000 272080 280070
    |           |             | 284010 284040 284070 284160 284330 284520 284700
    |           |             | 284750
 48 |  14  0.397 | 340120 .336 | 285790 285830 285850 286130 339680 339740 339760
    |           |             | 339850 339870 339960 340100 340120 444930 468010
 49 |  14  0.346 | 201610 .280 | 201550 201610 201630 201680 201920 201960 202000
    |           |             | 202180 202210 202430 267670 267730 268100 268180
 50 |  14  0.412 | 277770 .358 | 255990 256120 256140 268550 271830 272400 272420
    |           |             | 277770 278040 278130 278160 278190 286790 408750
 51 |  14  0.335 | 133580 .267 | 132460 132490 132560 133510 133530 133550 133580
    |           |             | 133610 133630 133650 133700 133760 133780 133830
 52 |  14  0.320 | 430780 .242 | 430530 430570 430680 430700 430740 430760 430780
    |           |             | 430800 430840 430960 431090 431320 431350 432290
 53 |  13  0.390 | 394240 .319 | 390420 390660 391300 391320 391360 391640 391660
    |           |             | 392730 394190 394240 394370 395210 395250
 54 |  13  0.407 | 322410 .345 | 318990 319090 319200 319250 319270 320930 320960
    |           |             | 320980 322370 322410 322480 323530 428760
 55 |  13  0.363 | 149330 .299 | 149280 149300 149330 149350 149370 149390 149550
    |           |             | 149620 149700 149720 281500 281700 327770
 56 |  13  0.349 | 458440 .293 | 457480 458230 458300 458350 458420 458440 458550
    |           |             | 458570 458590 458610 458630 458820 458850
 57 |  13  0.333 | 190000 .276 | 189590 189660 190000 190110 190160 190350 190380
    |           |             | 190810 190830 191570 191590 485210 485260
 58 |  12  0.288 | 302880 .231 | 302290 302460 302580 302810 302880 302910 302950
    |           |             | 303050 303070 303090 303290 303310
 59 |  12  0.354 | 290200 .295 | 285630 289040 289520 289540 289740 289860 289950
    |           |             | 290030 290070 290200 366470 366490
 60 |  11  0.273 | 392370 .237 | 392350 392370 392390 392410 392490 392560 392580
    |           |             | 397240 397260 397360 397410
 61 |  11  0.305 | 258610 .263 | 256780 256870 256920 257550 257570 258360 258610
    |           |             | 258710 268850 268910 272020
 62 |  11  0.235 | 395230 .196 | 395230 395270 395290 395310 395350 395480 395770
    |           |             | 396020 396130 396190 396440
 63 |  11  0.343 | 299230 .277 | 293980 294400 294500 297600 298010 298750 298770
    |           |             | 299210 299230 299250 299270
 64 |  11  0.393 | 400130 .341 | 388610 388710 398120 398750 398770 399940 400130
    |           |             | 400190 400300 400380 400420
 65 |  11  0.403 | 357650 .326 | 357650 357670 357740 358030 358060 407570 407600
    |           |             | 407780 488740 488760 488780
 66 |  11  0.285 | 302560 .231 | 124400 301620 302320 302410 302540 302560 302620
    |           |             | 302670 302750 302780 302830
 67 |  11  0.314 | 381430 .269 | 380800 380880 380900 381280 381320 381350 381430
    |           |             | 381450 381470 382100 382160
 68 |  11  0.343 | 491730 .278 | 487460 488030 488090 491160 491310 491360 491390
    |           |             | 491520 491710 491730 491750
 69 |  11  0.362 | 173060 .307 | 172760 172800 173060 173080 173520 173540 173570
    |           |             | 174510 174920 175090 175130
 70 |  10  0.367 | 424060 .303 | 422720 422840 424040 424060 424140 424540 428880
    |           |             | 428900 474930 474950
 71 |  10  0.223 | 276120 .188 | 274440 274680 275120 275450 275500 275670 275910
    |           |             | 276100 276120 276350
 72 |  10  0.367 | 286860 .307 | 286460 286520 286830 286860 286920 287000 287200
    |           |             | 287240 288090 288170
 73 |  10  0.262 | 325020 .218 | 324890 324920 324980 325020 325210 325240 325420
    |           |             | 325450 325680 465790
 74 |  10  0.337 | 282480 .294 | 282200 282220 282240 282320 282390 282410 282460
    |           |             | 282480 282670 283270
 75 |  10  0.326 | 390930 .287 | 390930 392900 393240 393440 396730 396750 397200
    |           |             | 399310 399340 401490
 76 |  10  0.338 | 206180 .294 | 206180 206250 206270 206460 206490 206610 206670
    |           |             | 433710 433740 490420
 77 |  10  0.344 | 145750 .311 | 145670 145700 145730 145750 145800 355210 355240
    |           |             | 355260 355280 492360
 78 |  10  0.323 | 465330 .264 | 465210 465260 465300 465330 465350 465480 465980
    |           |             | 466010 466060 466350
 79 |  10  0.414 | 440170 .348 | 299310 300670 440170 440220 440270 440320 446650
    |           |             | 480380 480400 480420
 80 |   9  0.360 | 255750 .301 | 210910 254010 255340 255360 255490 255570 255750
    |           |             | 255800 255960
 81 |   9  0.282 | 464410 .233 | 464170 464300 464340 464410 464430 464460 464480
    |           |             | 464630 464660
 82 |   9  0.409 | 353660 .354 | 201130 201210 353600 353660 353780 403240 406650
    |           |             | 406970 408880
 83 |   9  0.327 | 404930 .287 | 184640 404900 404930 404970 405100 405150 405220
    |           |             | 405330 405350
 84 |   9  0.348 | 433000 .297 | 432310 432850 432950 433000 433040 433310 433330
    |           |             | 433360 433440
 85 |   9  0.364 | 360200 .282 | 360080 360130 360170 360200 360220 360500 360520
    |           |             | 364890 392300
 86 |   9  0.275 |  78270 .202 |  75830  76360  78200  78220  78240  78270  78290
    |           |             |  78320  82470
 87 |   9  0.321 | 260400 .249 | 260110 260160 260250 260330 260380 260400 260420
    |           |             | 260440 260540
 88 |   9  0.311 | 418030 .263 | 186060 417900 417920 417940 417960 418030 418050
    |           |             | 418070 418110
 89 |   9  0.338 | 296380 .278 | 294770 294790 294810 296240 296340 296360 296380
    |           |             | 296440 296480
 90 |   9  0.363 | 344750 .307 | 343180 343200 343310 343380 344120 344630 344750
    |           |             | 344810 344840
 91 |   8  0.249 | 431030 .221 | 430480 430630 430880 430930 431000 431030 431050
    |           |             | 431070
 92 |   8  0.309 |  48950 .275 |  41890  42250  42310  44300  48950  49030  49050
    |           |             |  49100
 93 |   8  0.307 | 155590 .252 | 155040 155280 155540 155560 155590 155630 155690
    |           |             | 261640
 94 |   8  0.407 | 486340 .346 | 302200 302240 486060 486240 486340 486500 486570
    |           |             | 487550
 95 |   8  0.329 | 449710 .284 | 448740 448840 448950 449130 449710 449810 449890
    |           |             | 450010
 96 |   8  0.330 | 297700 .264 | 297330 297380 297540 297700 297720 297790 297930
    |           |             | 297970
 97 |   8  0.320 | 410260 .263 | 410180 410240 410260 410280 410320 410360 410390
    |           |             | 410640
 98 |   8  0.372 | 211970 .326 | 211460 211720 211970 212070 375940 375980 379130
    |           |             | 379180
 99 |   8  0.384 | 272270 .315 | 272270 272290 272330 288580 288800 297630 473810
    |           |             | 473850
100 |   8  0.377 | 221780 .329 | 221760 221780 261490 262350 262820 263360 286060
    |           |             | 286090
101 |   7  0.319 | 419540 .257 | 270190 419310 419330 419540 419570 419590 494320
102 |   7  0.307 | 402560 .244 | 242960 402230 402470 402560 402580 402650 402700
103 |   7  0.396 | 152980 .332 | 147040 152840 152930 152980 153080 153110 153170
104 |   7  0.348 | 484510 .279 | 481940 482740 483920 484510 484550 484640 484730
105 |   7  0.215 | 254420 .181 | 254220 254280 254330 254420 254460 254490 254540
106 |   7  0.369 | 267630 .320 | 267200 267230 267450 267520 267630 268260 340260
107 |   7  0.429 | 262280 .362 | 253480 253600 262160 262180 262280 262430 262460
108 |   7  0.351 | 446330 .297 | 445960 446010 446260 446290 446330 446950 446970
109 |   7  0.400 | 252330 .370 | 252330 252400 252750 252840 254070 254400 254520
110 |   7  0.377 | 271800 .329 | 271800 271900 271920 272040 284790 284830 284850
111 |   7  0.420 | 399410 .366 | 228750 228800 228880 399230 399410 399470 400850
112 |   7  0.355 | 183920 .294 | 182020 182060 182960 182990 183860 183900 183920
113 |   7  0.336 | 456100 .303 | 398230 398570 398600 455810 455930 456000 456100
114 |   7  0.270 | 305650 .206 | 305470 305500 305650 305670 305720 305740 349390
115 |   7  0.344 | 236800 .290 | 232780 236750 236780 236800 236820 236960 237320
116 |   6  0.304 | 236980 .289 | 236980 237000 237030 237100 237240 237290
117 |   6  0.270 | 297270 .220 | 294840 296840 296870 297200 297270 297290
118 |   6  0.230 | 320750 .197 | 320490 320670 320750 320770 320880 321010
119 |   6  0.266 | 476650 .230 | 476570 476590 476650 476680 476710 476810
120 |   6  0.327 | 480300 .257 | 479690 479860 480280 480300 480320 480340
121 |   6  0.401 | 493320 .342 | 285230 285260 435330 492880 492920 493320
122 |   6  0.409 | 410840 .361 | 410680 410790 410840 411070 416080 416210
123 |   6  0.356 | 343720 .285 | 343580 343600 343670 343720 344450 359300
124 |   6  0.340 | 257510 .308 | 253810 253950 257360 257390 257490 257510
125 |   6  0.249 | 122970 .216 | 122530 122590 122650 122750 122970 122990
126 |   6  0.207 | 345560 .189 | 345090 345200 345350 345500 345560 345580
127 |   6  0.214 |  29030 .179 |  28800  28890  28910  29030  29050  29240
128 |   6  0.323 | 473960 .269 | 473960 474210 474460 474730 475110 475210
129 |   6  0.291 | 457740 .236 | 457660 457700 457720 457740 457780 474770
130 |   6  0.389 | 266850 .338 | 261070 261090 266550 266650 266830 266850
131 |   6  0.370 | 300520 .313 | 300520 300690 300780 301090 350130 350170
132 |   6  0.263 | 278620 .197 | 278310 278430 278590 278620 278640 344230
133 |   6  0.318 | 290490 .271 | 290490 290540 290590 290660 291390 291470
134 |   6  0.283 | 273620 .233 | 273600 273620 273640 273930 273980 498760
135 |   6  0.303 | 243690 .247 | 243450 243470 243660 243690 243730 243810
136 |   6  0.347 | 439810 .331 | 415290 415310 415360 439310 439790 439810
137 |   6  0.290 | 461910 .262 | 461870 461910 461950 463360 463390 463420
138 |   5  0.155 | 155240 .128 | 154660 154800 155090 155240 155360
139 |   5  0.264 | 499080 .221 | 485530 499000 499030 499080 499110
140 |   5  0.317 | 302030 .299 | 302030 302050 302220 302500 302520
141 |   5  0.189 | 353040 .166 | 352960 353020 353040 353060 353210
142 |   5  0.337 | 389330 .270 | 389060 389190 389330 389370 389450
143 |   5  0.412 | 384520 .366 | 363880 379040 383480 384520 400480
144 |   5  0.187 | 379780 .172 | 379720 379760 379780 379830 379890
145 |   5  0.241 | 401150 .212 | 401100 401150 401940 402040 402090
146 |   5  0.229 | 160230 .197 | 160120 160210 160230 160420 160440
147 |   5  0.336 | 275170 .302 | 275150 275170 275230 275290 343860
148 |   5  0.215 | 363820 .195 | 363790 363820 363900 363950 363970
149 |   5  0.275 | 191920 .216 | 188650 189310 190520 191920 192180
150 |   5  0.317 | 256560 .269 | 255320 256520 256560 256590 261120
151 |   5  0.241 | 428110 .197 | 427970 428090 428110 428130 428790
152 |   5  0.290 | 347030 .258 | 346940 346960 347010 347030 347090
153 |   5  0.354 | 487000 .285 | 486960 487000 487030 488290 488890
154 |   5  0.309 | 484750 .269 | 484750 484770 484850 485490 485510
155 |   5  0.284 | 238180 .233 | 237970 238130 238160 238180 238200
156 |   5  0.429 | 282690 .366 | 282690 282710 349340 349540 349720
157 |   5  0.280 | 249700 .238 | 249700 249720 249740 249790 249880
158 |   5  0.172 | 393850 .161 | 393850 393870 393930 394120 394140
159 |   5  0.383 | 424630 .326 | 344710 424580 424630 492340 499810
160 |   5  0.336 | 293900 .281 | 293710 293820 293900 293920 379670
161 |   5  0.356 | 326510 .300 | 326400 326510 326530 326600 347880
162 |   5  0.167 | 494740 .140 | 493970 494020 494680 494740 494810
163 |   5  0.330 | 328550 .293 | 328430 328510 328550 329010 329040
164 |   5  0.282 | 263750 .229 | 260610 263720 263750 263770 263790
165 |   5  0.304 | 485590 .259 | 251730 485570 485590 485800 485850
166 |   5  0.385 | 450690 .353 | 323680 323700 450340 450540 450690
167 |   5  0.146 | 326030 .138 | 325740 325960 326010 326030 326100
168 |   5  0.416 | 322230 .337 | 245940 278990 321630 322120 322230
169 |   4  0.186 | 483900 .167 | 483720 483880 483900 483970
170 |   4  0.278 | 321280 .235 | 321070 321230 321280 324410
171 |   4  0.175 | 183700 .152 | 183610 183700 183770 183790
172 |   4  0.367 | 354670 .308 | 354470 354670 354690 354780
173 |   4  0.155 | 458080 .137 | 458060 458080 458100 458130
174 |   4  0.336 | 496010 .309 | 175280 175450 495810 496010
175 |   4  0.216 | 365180 .205 | 365060 365080 365180 365360
176 |   4  0.200 | 207480 .188 | 207480 207520 207570 207620
177 |   4  0.245 | 348190 .214 | 348160 348190 348400 348450
178 |   4  0.270 |  37770 .221 |  36230  37770  37800  37870
179 |   4  0.284 | 467310 .239 | 466970 467070 467280 467310
180 |   4  0.389 | 234890 .362 | 234030 234190 234360 234890
181 |   4  0.235 | 236310 .206 | 236260 236310 236440 236480
182 |   4  0.198 | 280590 .183 | 280410 280520 280590 280700
183 |   4  0.194 | 466420 .174 | 466370 466400 466420 466440
184 |   4  0.444 | 188890 .347 | 188850 188890 210790 214170
185 |   4  0.182 | 146240 .165 | 146160 146180 146220 146240
186 |   4  0.215 | 344350 .191 | 344250 344280 344350 344480
187 |   4  0.314 | 117320 .288 | 117010 117130 117320 117350
188 |   4  0.322 | 473390 .265 | 353510 473390 473430 473500
189 |   4  0.372 | 219820 .301 | 219670 219820 219870 438640
190 |   4  0.316 | 383950 .280 | 383590 383800 383920 383950
191 |   4  0.301 | 347380 .246 | 347220 347360 347380 347770
192 |   4  0.367 | 285320 .336 | 280110 280670 285320 286890
193 |   4  0.370 | 350410 .321 | 350320 350410 350490 350650
194 |   3  0.228 | 372680 .196 | 372680 373550 377570
195 |   3  0.188 | 470690 .179 | 470670 470690 470810
196 |   3  0.332 | 124350 .282 | 124330 124350 124840
197 |   3  0.146 | 496280 .134 | 496210 496280 496300
198 |   3  0.398 | 277830 .361 | 277830 277890 279130
199 |   3  0.274 | 261170 .238 | 259860 261170 261250
200 |   3  0.336 | 184570 .285 | 183830 184520 184570
201 |   3  0.260 | 287800 .226 | 287780 287800 287980
202 |   3  0.254 | 497340 .226 | 497320 497340 497630
203 |   3  0.335 | 323380 .289 | 323350 323380 339920
204 |   3  0.240 | 265400 .220 | 265270 265400 265420
205 |   3  0.365 | 393630 .340 | 393550 393630 393750
206 |   3  0.233 | 285590 .202 | 285570 285590 285610
207 |   3  0.414 | 286150 .388 | 285130 286150 475030
208 |   3  0.168 | 138490 .153 | 138470 138490 138520
209 |   3  0.224 | 235190 .218 | 235190 235300 235370
210 |   3  0.188 | 259700 .153 | 259680 259700 259820
211 |   3  0.331 | 192800 .272 | 192800 192840 231470
212 |   3  0.284 | 280740 .244 | 280720 280740 468830
213 |   3  0.134 | 180480 .112 | 180300 180460 180480
214 |   3  0.210 | 408160 .183 | 408110 408160 408780
215 |   3  0.351 | 370250 .312 | 270170 370250 370360
216 |   3  0.353 | 235080 .303 | 235060 235080 235500
217 |   3  0.249 | 470930 .225 | 470890 470930 471380
218 |   3  0.361 | 345970 .304 | 345650 345970 346090
219 |   3  0.260 | 281280 .222 | 281260 281280 281300
220 |   3  0.151 | 499930 .138 | 499890 499930 499950
221 |   3  0.357 | 438590 .288 | 256300 438590 438610
222 |   3  0.355 | 347860 .323 | 347650 347860 347980
223 |   3  0.408 | 411280 .339 | 411240 411280 441180
224 |   3  0.144 | 255410 .130 | 255380 255410 255430
225 |   3  0.316 | 281550 .263 | 281470 281550 281610
226 |   3  0.218 | 498610 .181 | 493250 498580 498610
227 |   3  0.211 | 377400 .184 | 377300 377400 377420
228 |   3  0.292 | 495760 .264 | 495410 495740 495760
229 |   3  0.314 | 406410 .282 | 291520 406410 406470
230 |   3  0.319 | 248410 .256 | 248410 248430 343790
231 |   3  0.357 | 292010 .292 | 291870 292010 292050
232 |   3  0.377 | 388560 .324 | 388100 388560 388810
233 |   3  0.470 | 473030 .457 | 430460 470720 473030
234 |   2  0.177 | 298100 .177 | 298100 298450
235 |   2  0.479 | 219370 .479 | 219370 473210
236 |   2  0.113 | 340800 .113 | 340800 340820
237 |   2  0.132 | 469430 .132 | 469430 469450
238 |   2  0.402 | 144200 .402 | 144200 147010
239 |   2  0.160 | 211050 .160 | 211050 211070
240 |   2  0.349 | 392970 .349 | 392970 395050
241 |   2  0.392 | 240930 .392 | 240930 399630
242 |   2  0.257 | 232090 .257 | 232090 232130
243 |   2  0.193 | 465010 .193 | 465010 465030
244 |   2  0.150 | 267580 .150 | 267580 267600
245 |   2  0.130 | 493010 .130 | 493010 493030
246 |   2  0.122 | 407930 .122 | 407930 407950
247 |   2  0.265 | 492130 .265 | 492130 492320
248 |   2  0.219 | 245070 .219 | 245070 245180
249 |   2  0.147 | 154330 .147 | 154330 154350
250 |   2  0.136 | 497100 .136 | 497100 497120
251 |   2  0.100 | 463710 .100 | 463710 463730
252 |   2  0.133 | 378590 .133 | 378590 378610
253 |   2  0.171 | 439740 .171 | 439740 439770
254 |   2  0.148 | 281640 .148 | 281640 281680
255 |   2  0.481 | 259720 .481 | 259720 260890
256 |   2  0.179 | 311470 .179 | 311470 311800
257 |   2  0.145 |  72950 .145 |  72950  72970
258 |   2  0.173 | 320180 .173 | 320180 320200
259 |   2  0.532 | 319310 .532 | 319310 468080
260 |   2  0.207 | 383820 .207 | 383820 383850
261 |   2  0.238 | 408900 .238 | 408900 409000
262 |   2  0.212 | 298050 .212 | 298050 298170
263 |   2  0.198 | 258460 .198 | 258460 258680
264 |   2  0.124 | 421940 .124 | 421940 422020
265 |   2  0.167 | 264870 .167 | 264870 264890
266 |   2  0.115 | 450640 .115 | 450640 450670
267 |   2  0.181 | 238330 .181 | 238330 238360
268 |   2  0.152 | 301660 .152 | 301660 301680
269 |   2  0.188 | 289240 .188 | 289240 289290
270 |   2  0.133 | 360420 .133 | 360420 360470
271 |   2  0.235 | 379250 .235 | 379250 379500
272 |   2  0.216 | 276530 .216 | 276530 276690
273 |   2  0.478 | 177520 .478 | 177520 490030
274 |   2  0.460 | 186680 .460 | 186680 357410
275 |   2  0.178 | 495630 .178 | 495630 495650
276 |   2  0.473 | 305430 .473 | 305430 335580
277 |   2  0.199 | 406210 .199 | 406210 406250
278 |   2  0.646 | 167490 .646 | 167490 176570
279 |   2  0.361 | 171130 .361 | 171130 171250
280 |   2  0.166 | 213120 .166 | 213120 213170
281 |   2  0.461 | 286220 .461 | 286220 499520
282 |   2  0.435 | 329990 .435 | 329990 403290
283 |   2  0.379 | 302260 .379 | 302260 302480
284 |   2  0.173 | 487700 .173 | 487700 487750
285 |   2  0.363 | 264660 .363 | 264660 264700
286 |   2  0.119 | 272140 .119 | 272140 272170
287 |   2  0.312 | 354370 .312 | 354370 354420
288 |   2  0.282 | 246250 .282 | 246250 246380
289 |   2  0.138 | 156350 .138 | 156350 156370
290 |   2  0.448 | 260590 .448 | 260590 263030
291 |   2  0.247 | 175200 .247 | 175200 175310
292 |   1       | 392880      | 392880
293 |   1       | 404780      | 404780
294 |   1       | 328390      | 328390
295 |   1       | 493950      | 493950
296 |   1       | 430370      | 430370
297 |   1       | 154910      | 154910
298 |   1       | 170690      | 170690
299 |   1       | 227240      | 227240
300 |   1       | 190240      | 190240
301 |   1       | 170410      | 170410
302 |   1       | 491210      | 491210
303 |   1       | 416150      | 416150
304 |   1       | 306240      | 306240
305 |   1       | 203040      | 203040
306 |   1       | 400320      | 400320
307 |   1       | 361960      | 361960
308 |   1       | 485870      | 485870
309 |   1       | 474610      | 474610
310 |   1       | 475150      | 475150
311 |   1       | 410080      | 410080
312 |   1       | 276900      | 276900
313 |   1       | 252190      | 252190
314 |   1       | 432160      | 432160
315 |   1       | 378250      | 378250
316 |   1       | 334530      | 334530
317 |   1       | 326620      | 326620
318 |   1       | 360790      | 360790
319 |   1       | 169090      | 169090
320 |   1       |  40870      |  40870
321 |   1       | 392710      | 392710
322 |   1       | 197490      | 197490
323 |   1       | 494190      | 494190
324 |   1       | 201070      | 201070
325 |   1       | 391950      | 391950
326 |   1       | 181440      | 181440
327 |   1       | 383630      | 383630
328 |   1       | 287470      | 287470
329 |   1       | 296890      | 296890
330 |   1       | 170800      | 170800
331 |   1       | 247560      | 247560
332 |   1       | 236350      | 236350
333 |   1       | 323930      | 323930
334 |   1       | 428740      | 428740
335 |   1       | 467520      | 467520
336 |   1       | 250890      | 250890
337 |   1       | 394740      | 394740
338 |   1       |  35560      |  35560
339 |   1       | 353560      | 353560
340 |   1       | 348510      | 348510
341 |   1       | 237810      | 237810
342 |   1       | 350290      | 350290
343 |   1       | 284950      | 284950
344 |   1       | 285100      | 285100
345 |   1       | 394330      | 394330
346 |   1       | 358300      | 358300
347 |   1       | 304540      | 304540
348 |   1       | 211420      | 211420
349 |   1       | 408920      | 408920
350 |   1       | 152700      | 152700
351 |   1       | 269630      | 269630
352 |   1       | 346770      | 346770
353 |   1       | 266910      | 266910
354 |   1       | 284410      | 284410
355 |   1       | 484940      | 484940
356 |   1       | 418640      | 418640
357 |   1       | 384390      | 384390
358 |   1       | 294630      | 294630
359 |   1       | 452110      | 452110
360 |   1       | 292490      | 292490
361 |   1       | 289500      | 289500
362 |   1       | 386190      | 386190
363 |   1       | 279400      | 279400
364 |   1       | 202640      | 202640
365 |   1       | 234330      | 234330
366 |   1       | 327900      | 327900
367 |   1       | 233090      | 233090
368 |   1       | 287440      | 287440
369 |   1       | 233410      | 233410
370 |   1       | 200430      | 200430
371 |   1       | 393830      | 393830
372 |   1       | 425470      | 425470
373 |   1       | 465520      | 465520
374 |   1       | 343750      | 343750
375 |   1       | 494210      | 494210
376 |   1       | 383980      | 383980
377 |   1       | 476910      | 476910
378 |   1       | 237650      | 237650
379 |   1       | 498740      | 498740
380 |   1       | 499490      | 499490
381 |   1       | 434080      | 434080
